<?xml version="1.0" encoding="UTF-8"?>
<testng-results ignored="0" total="3" passed="3" failed="0" skipped="0">
  <reporter-output>
  </reporter-output>
  <suite started-at="2025-03-13T21:49:33 EET" name="Surefire suite" finished-at="2025-03-13T21:49:40 EET" duration-ms="7234">
    <groups>
    </groups>
    <test started-at="2025-03-13T21:49:33 EET" name="Surefire test" finished-at="2025-03-13T21:49:40 EET" duration-ms="7234">
      <class name="tests.PetStoreTests">
        <test-method is-config="true" signature="setup()[pri:0, instance:tests.PetStoreTests@581ac8a8]" started-at="2025-03-13T21:49:33 EET" name="setup" finished-at="2025-03-13T21:49:34 EET" duration-ms="518" status="PASS">
          <reporter-output>
          </reporter-output>
        </test-method> <!-- setup -->
        <test-method signature="testCreateNewPet()[pri:0, instance:tests.PetStoreTests@581ac8a8]" started-at="2025-03-13T21:49:34 EET" name="testCreateNewPet" finished-at="2025-03-13T21:49:36 EET" duration-ms="2528" status="PASS">
          <reporter-output>
          </reporter-output>
        </test-method> <!-- testCreateNewPet -->
        <test-method signature="testGetPetsByStatus()[pri:0, instance:tests.PetStoreTests@581ac8a8]" started-at="2025-03-13T21:49:36 EET" name="testGetPetsByStatus" finished-at="2025-03-13T21:49:39 EET" duration-ms="3256" status="PASS">
          <reporter-output>
          </reporter-output>
        </test-method> <!-- testGetPetsByStatus -->
        <test-method signature="testGetRandomPet()[pri:0, instance:tests.PetStoreTests@581ac8a8]" started-at="2025-03-13T21:49:39 EET" name="testGetRandomPet" finished-at="2025-03-13T21:49:40 EET" duration-ms="759" status="PASS">
          <reporter-output>
          </reporter-output>
        </test-method> <!-- testGetRandomPet -->
      </class> <!-- tests.PetStoreTests -->
    </test> <!-- Surefire test -->
  </suite> <!-- Surefire suite -->
</testng-results>
